-------------------------------------------------------------------------------
Test set: lab4.tests.HeadlessTest
-------------------------------------------------------------------------------
Tests run: 1, Failures: 0, Errors: 1, Skipped: 0, Time elapsed: 0.069 s <<< FAILURE! - in lab4.tests.HeadlessTest
headlessBrowserTest  Time elapsed: 0.049 s  <<< ERROR!
java.lang.NoClassDefFoundError: org/openqa/selenium/internal/FindsById
	at lab4.tests.HeadlessTest.headlessBrowserTest(HeadlessTest.java:33)
Caused by: java.lang.ClassNotFoundException: org.openqa.selenium.internal.FindsById
	at lab4.tests.HeadlessTest.headlessBrowserTest(HeadlessTest.java:33)

